<?xml version="1.0" encoding="UTF-8"?>
<!-- Generated by org.testng.reporters.JUnitReportReporter -->
<testsuite hostname="BDC11-L-7200HHJ" name="com.mascamo.dev.Util.TestingExcelfile"
	tests="2" failures="0" timestamp="6 Nov 2018 02:04:55 GMT" time="1.053"
	errors="0">
	<testcase name="BaseClass" time="0.094"
		classname="com.mascamo.dev.Util.TestingExcelfile" />
	<testcase name="setExcel" time="0.959"
		classname="com.mascamo.dev.Util.TestingExcelfile" />
</testsuite> <!-- com.mascamo.dev.Util.TestingExcelfile -->
