<?xml version="1.0" encoding="UTF-8"?>
<!-- Generated by org.testng.reporters.JUnitReportReporter -->
<testsuite hostname="BDC11-L-7200HHJ" name="com.mascamo.dev.TestCases.MavenCustomerTest" tests="2" failures="0" timestamp="10 Nov 2018 03:46:29 GMT" time="0.024" errors="0">
  <testcase name="Customer1" time="0.021" classname="com.mascamo.dev.TestCases.MavenCustomerTest"/>
  <testcase name="Customer2" time="0.003" classname="com.mascamo.dev.TestCases.MavenCustomerTest"/>
</testsuite> <!-- com.mascamo.dev.TestCases.MavenCustomerTest -->
