<?xml version="1.0" encoding="UTF-8"?>
<!-- Generated by org.testng.reporters.JUnitReportReporter -->
<testsuite hostname="BDC11-L-7200HHJ" name="com.mascamo.dev.TestCases.MavenUserTest" tests="2" failures="0" timestamp="10 Nov 2018 04:04:24 GMT" time="0.018" errors="0">
  <testcase name="user1" time="0.016" classname="com.mascamo.dev.TestCases.MavenUserTest"/>
  <testcase name="user2" time="0.002" classname="com.mascamo.dev.TestCases.MavenUserTest"/>
</testsuite> <!-- com.mascamo.dev.TestCases.MavenUserTest -->
