<?xml version="1.0" encoding="UTF-8"?>
<!-- Generated by org.testng.reporters.JUnitReportReporter -->
<testsuite hostname="BDC11-L-7200HHJ" name="com.mascamo.dev.TestCases.LoginPageTest" tests="3" failures="0" timestamp="24 Dec 2018 17:07:19 GMT" time="8.954" errors="0">
  <testcase name="homepageloginprofiletest" time="1.016" classname="com.mascamo.dev.TestCases.LoginPageTest"/>
  <testcase name="fblogodisplaytest" time="0.120" classname="com.mascamo.dev.TestCases.LoginPageTest"/>
  <testcase name="validlogintest" time="7.818" classname="com.mascamo.dev.TestCases.LoginPageTest"/>
</testsuite> <!-- com.mascamo.dev.TestCases.LoginPageTest -->
