<?xml version="1.0" encoding="UTF-8"?>
<!-- Generated by org.testng.reporters.JUnitReportReporter -->
<testsuite hostname="BDC11-L-7200HHJ" name="com.mascamo.dev.TestCases.testfile"
	tests="2" failures="0" timestamp="6 Nov 2018 10:04:11 GMT" time="0.029"
	errors="0">
	<testcase name="testfile" time="0.027"
		classname="com.mascamo.dev.TestCases.testfile" />
	<testcase name="display" time="0.002"
		classname="com.mascamo.dev.TestCases.testfile" />
</testsuite> <!-- com.mascamo.dev.TestCases.testfile -->
