<?xml version="1.0" encoding="UTF-8"?>
<!-- Generated by org.testng.reporters.JUnitReportReporter -->
<testsuite hostname="BDC11-L-7200HHJ" name="com.mascamo.dev.TestCases.MavenUserTest" tests="1" failures="0" timestamp="15 Jan 2019 17:31:31 GMT" time="0.021" errors="0">
  <testcase name="user2" time="0.021" classname="com.mascamo.dev.TestCases.MavenUserTest"/>
</testsuite> <!-- com.mascamo.dev.TestCases.MavenUserTest -->
