<?xml version="1.0" encoding="UTF-8"?>
<!-- Generated by org.testng.reporters.JUnitReportReporter -->
<testsuite hostname="BDC11-L-7200HHJ" name="com.mascamo.dev.TestCases.PremiumUserTest" tests="2" failures="0" timestamp="10 Nov 2018 04:04:24 GMT" time="0.004" errors="0">
  <testcase name="PremiumUserTest1" time="0.001" classname="com.mascamo.dev.TestCases.PremiumUserTest"/>
  <testcase name="PremiumUserTest2" time="0.003" classname="com.mascamo.dev.TestCases.PremiumUserTest"/>
</testsuite> <!-- com.mascamo.dev.TestCases.PremiumUserTest -->
